\BOOKMARK [0][-]{chapter.1}{Introduction}{}% 1
\BOOKMARK [1][-]{section.1.1}{Problem Statement}{chapter.1}% 2
\BOOKMARK [1][-]{section.1.2}{Background}{chapter.1}% 3
\BOOKMARK [1][-]{section.1.3}{Key contributions}{chapter.1}% 4
\BOOKMARK [1][-]{section.1.4}{Thesis Organization}{chapter.1}% 5
\BOOKMARK [0][-]{chapter.2}{Methodology for using SDNs for real time data distribution}{}% 6
\BOOKMARK [1][-]{section.2.1}{Introduction}{chapter.2}% 7
\BOOKMARK [1][-]{section.2.2}{Motivating application}{chapter.2}% 8
\BOOKMARK [1][-]{section.2.3}{Characterization of IDD feedtypes}{chapter.2}% 9
\BOOKMARK [1][-]{section.2.4}{Rate selection algorithms for LDM7}{chapter.2}% 10
\BOOKMARK [1][-]{section.2.5}{Numerical results}{chapter.2}% 11
\BOOKMARK [1][-]{section.2.6}{Related work}{chapter.2}% 12
\BOOKMARK [1][-]{section.2.7}{Summary and conclusions}{chapter.2}% 13
\BOOKMARK [0][-]{chapter.3}{A Multi-Domain SDN for Dynamic Layer-2 Path Service}{}% 14
\BOOKMARK [1][-]{section.3.1}{Introduction}{chapter.3}% 15
\BOOKMARK [1][-]{section.3.2}{Background}{chapter.3}% 16
\BOOKMARK [1][-]{section.3.3}{Multi-domain SDN}{chapter.3}% 17
\BOOKMARK [1][-]{section.3.4}{Insights Gained}{chapter.3}% 18
\BOOKMARK [1][-]{section.3.5}{Multi-point VLAN}{chapter.3}% 19
\BOOKMARK [1][-]{section.3.6}{Related Work}{chapter.3}% 20
\BOOKMARK [1][-]{section.3.7}{Conclusions}{chapter.3}% 21
\BOOKMARK [0][-]{chapter.4}{Conclusions and Future Work}{}% 22
\BOOKMARK [0][-]{appendix.A}{Appendix}{}% 23
\BOOKMARK [1][-]{section.A.1}{Characterization of IDD feedtypes}{appendix.A}% 24
\BOOKMARK [0][-]{appendix*.56}{Bibliography}{}% 25
